  main.cpp
LINK : warning LNK4098: 默认库“MSVCRT”与其他库的使用冲突；请使用 /NODEFAULTLIB:library
LIBCMTD.lib(initializers.obj) : warning LNK4098: 默认库“libcmt.lib”与其他库的使用冲突；请使用 /NODEFAULTLIB:library
libprotobufd.lib(arena.obj) : warning LNK4099: 未找到 PDB“libprotobuf.pdb”(使用“libprotobufd.lib(arena.obj)”或在“C:\Users\Jiayue Wu\Dropbox\University of Alberta\CMPUT 350\SC2API_Binary_vs2017\project\x64\Debug\libprotobuf.pdb”中寻找)；正在链接对象，如同没有调试信息一样
libprotobufd.lib(arenastring.obj) : warning LNK4099: 未找到 PDB“libprotobuf.pdb”(使用“libprotobufd.lib(arenastring.obj)”或在“C:\Users\Jiayue Wu\Dropbox\University of Alberta\CMPUT 350\SC2API_Binary_vs2017\project\x64\Debug\libprotobuf.pdb”中寻找)；正在链接对象，如同没有调试信息一样
libprotobufd.lib(extension_set.obj) : warning LNK4099: 未找到 PDB“libprotobuf.pdb”(使用“libprotobufd.lib(extension_set.obj)”或在“C:\Users\Jiayue Wu\Dropbox\University of Alberta\CMPUT 350\SC2API_Binary_vs2017\project\x64\Debug\libprotobuf.pdb”中寻找)；正在链接对象，如同没有调试信息一样
libprotobufd.lib(generated_message_util.obj) : warning LNK4099: 未找到 PDB“libprotobuf.pdb”(使用“libprotobufd.lib(generated_message_util.obj)”或在“C:\Users\Jiayue Wu\Dropbox\University of Alberta\CMPUT 350\SC2API_Binary_vs2017\project\x64\Debug\libprotobuf.pdb”中寻找)；正在链接对象，如同没有调试信息一样
libprotobufd.lib(coded_stream.obj) : warning LNK4099: 未找到 PDB“libprotobuf.pdb”(使用“libprotobufd.lib(coded_stream.obj)”或在“C:\Users\Jiayue Wu\Dropbox\University of Alberta\CMPUT 350\SC2API_Binary_vs2017\project\x64\Debug\libprotobuf.pdb”中寻找)；正在链接对象，如同没有调试信息一样
libprotobufd.lib(zero_copy_stream.obj) : warning LNK4099: 未找到 PDB“libprotobuf.pdb”(使用“libprotobufd.lib(zero_copy_stream.obj)”或在“C:\Users\Jiayue Wu\Dropbox\University of Alberta\CMPUT 350\SC2API_Binary_vs2017\project\x64\Debug\libprotobuf.pdb”中寻找)；正在链接对象，如同没有调试信息一样
libprotobufd.lib(zero_copy_stream_impl_lite.obj) : warning LNK4099: 未找到 PDB“libprotobuf.pdb”(使用“libprotobufd.lib(zero_copy_stream_impl_lite.obj)”或在“C:\Users\Jiayue Wu\Dropbox\University of Alberta\CMPUT 350\SC2API_Binary_vs2017\project\x64\Debug\libprotobuf.pdb”中寻找)；正在链接对象，如同没有调试信息一样
libprotobufd.lib(message_lite.obj) : warning LNK4099: 未找到 PDB“libprotobuf.pdb”(使用“libprotobufd.lib(message_lite.obj)”或在“C:\Users\Jiayue Wu\Dropbox\University of Alberta\CMPUT 350\SC2API_Binary_vs2017\project\x64\Debug\libprotobuf.pdb”中寻找)；正在链接对象，如同没有调试信息一样
libprotobufd.lib(repeated_field.obj) : warning LNK4099: 未找到 PDB“libprotobuf.pdb”(使用“libprotobufd.lib(repeated_field.obj)”或在“C:\Users\Jiayue Wu\Dropbox\University of Alberta\CMPUT 350\SC2API_Binary_vs2017\project\x64\Debug\libprotobuf.pdb”中寻找)；正在链接对象，如同没有调试信息一样
libprotobufd.lib(atomicops_internals_x86_msvc.obj) : warning LNK4099: 未找到 PDB“libprotobuf.pdb”(使用“libprotobufd.lib(atomicops_internals_x86_msvc.obj)”或在“C:\Users\Jiayue Wu\Dropbox\University of Alberta\CMPUT 350\SC2API_Binary_vs2017\project\x64\Debug\libprotobuf.pdb”中寻找)；正在链接对象，如同没有调试信息一样
libprotobufd.lib(common.obj) : warning LNK4099: 未找到 PDB“libprotobuf.pdb”(使用“libprotobufd.lib(common.obj)”或在“C:\Users\Jiayue Wu\Dropbox\University of Alberta\CMPUT 350\SC2API_Binary_vs2017\project\x64\Debug\libprotobuf.pdb”中寻找)；正在链接对象，如同没有调试信息一样
libprotobufd.lib(int128.obj) : warning LNK4099: 未找到 PDB“libprotobuf.pdb”(使用“libprotobufd.lib(int128.obj)”或在“C:\Users\Jiayue Wu\Dropbox\University of Alberta\CMPUT 350\SC2API_Binary_vs2017\project\x64\Debug\libprotobuf.pdb”中寻找)；正在链接对象，如同没有调试信息一样
libprotobufd.lib(once.obj) : warning LNK4099: 未找到 PDB“libprotobuf.pdb”(使用“libprotobufd.lib(once.obj)”或在“C:\Users\Jiayue Wu\Dropbox\University of Alberta\CMPUT 350\SC2API_Binary_vs2017\project\x64\Debug\libprotobuf.pdb”中寻找)；正在链接对象，如同没有调试信息一样
libprotobufd.lib(status.obj) : warning LNK4099: 未找到 PDB“libprotobuf.pdb”(使用“libprotobufd.lib(status.obj)”或在“C:\Users\Jiayue Wu\Dropbox\University of Alberta\CMPUT 350\SC2API_Binary_vs2017\project\x64\Debug\libprotobuf.pdb”中寻找)；正在链接对象，如同没有调试信息一样
libprotobufd.lib(stringpiece.obj) : warning LNK4099: 未找到 PDB“libprotobuf.pdb”(使用“libprotobufd.lib(stringpiece.obj)”或在“C:\Users\Jiayue Wu\Dropbox\University of Alberta\CMPUT 350\SC2API_Binary_vs2017\project\x64\Debug\libprotobuf.pdb”中寻找)；正在链接对象，如同没有调试信息一样
libprotobufd.lib(stringprintf.obj) : warning LNK4099: 未找到 PDB“libprotobuf.pdb”(使用“libprotobufd.lib(stringprintf.obj)”或在“C:\Users\Jiayue Wu\Dropbox\University of Alberta\CMPUT 350\SC2API_Binary_vs2017\project\x64\Debug\libprotobuf.pdb”中寻找)；正在链接对象，如同没有调试信息一样
libprotobufd.lib(structurally_valid.obj) : warning LNK4099: 未找到 PDB“libprotobuf.pdb”(使用“libprotobufd.lib(structurally_valid.obj)”或在“C:\Users\Jiayue Wu\Dropbox\University of Alberta\CMPUT 350\SC2API_Binary_vs2017\project\x64\Debug\libprotobuf.pdb”中寻找)；正在链接对象，如同没有调试信息一样
libprotobufd.lib(strutil.obj) : warning LNK4099: 未找到 PDB“libprotobuf.pdb”(使用“libprotobufd.lib(strutil.obj)”或在“C:\Users\Jiayue Wu\Dropbox\University of Alberta\CMPUT 350\SC2API_Binary_vs2017\project\x64\Debug\libprotobuf.pdb”中寻找)；正在链接对象，如同没有调试信息一样
libprotobufd.lib(wire_format_lite.obj) : warning LNK4099: 未找到 PDB“libprotobuf.pdb”(使用“libprotobufd.lib(wire_format_lite.obj)”或在“C:\Users\Jiayue Wu\Dropbox\University of Alberta\CMPUT 350\SC2API_Binary_vs2017\project\x64\Debug\libprotobuf.pdb”中寻找)；正在链接对象，如同没有调试信息一样
libprotobufd.lib(any.obj) : warning LNK4099: 未找到 PDB“libprotobuf.pdb”(使用“libprotobufd.lib(any.obj)”或在“C:\Users\Jiayue Wu\Dropbox\University of Alberta\CMPUT 350\SC2API_Binary_vs2017\project\x64\Debug\libprotobuf.pdb”中寻找)；正在链接对象，如同没有调试信息一样
libprotobufd.lib(descriptor.obj) : warning LNK4099: 未找到 PDB“libprotobuf.pdb”(使用“libprotobufd.lib(descriptor.obj)”或在“C:\Users\Jiayue Wu\Dropbox\University of Alberta\CMPUT 350\SC2API_Binary_vs2017\project\x64\Debug\libprotobuf.pdb”中寻找)；正在链接对象，如同没有调试信息一样
libprotobufd.lib(descriptor.pb.obj) : warning LNK4099: 未找到 PDB“libprotobuf.pdb”(使用“libprotobufd.lib(descriptor.pb.obj)”或在“C:\Users\Jiayue Wu\Dropbox\University of Alberta\CMPUT 350\SC2API_Binary_vs2017\project\x64\Debug\libprotobuf.pdb”中寻找)；正在链接对象，如同没有调试信息一样
libprotobufd.lib(descriptor_database.obj) : warning LNK4099: 未找到 PDB“libprotobuf.pdb”(使用“libprotobufd.lib(descriptor_database.obj)”或在“C:\Users\Jiayue Wu\Dropbox\University of Alberta\CMPUT 350\SC2API_Binary_vs2017\project\x64\Debug\libprotobuf.pdb”中寻找)；正在链接对象，如同没有调试信息一样
libprotobufd.lib(dynamic_message.obj) : warning LNK4099: 未找到 PDB“libprotobuf.pdb”(使用“libprotobufd.lib(dynamic_message.obj)”或在“C:\Users\Jiayue Wu\Dropbox\University of Alberta\CMPUT 350\SC2API_Binary_vs2017\project\x64\Debug\libprotobuf.pdb”中寻找)；正在链接对象，如同没有调试信息一样
libprotobufd.lib(extension_set_heavy.obj) : warning LNK4099: 未找到 PDB“libprotobuf.pdb”(使用“libprotobufd.lib(extension_set_heavy.obj)”或在“C:\Users\Jiayue Wu\Dropbox\University of Alberta\CMPUT 350\SC2API_Binary_vs2017\project\x64\Debug\libprotobuf.pdb”中寻找)；正在链接对象，如同没有调试信息一样
libprotobufd.lib(generated_message_reflection.obj) : warning LNK4099: 未找到 PDB“libprotobuf.pdb”(使用“libprotobufd.lib(generated_message_reflection.obj)”或在“C:\Users\Jiayue Wu\Dropbox\University of Alberta\CMPUT 350\SC2API_Binary_vs2017\project\x64\Debug\libprotobuf.pdb”中寻找)；正在链接对象，如同没有调试信息一样
libprotobufd.lib(strtod.obj) : warning LNK4099: 未找到 PDB“libprotobuf.pdb”(使用“libprotobufd.lib(strtod.obj)”或在“C:\Users\Jiayue Wu\Dropbox\University of Alberta\CMPUT 350\SC2API_Binary_vs2017\project\x64\Debug\libprotobuf.pdb”中寻找)；正在链接对象，如同没有调试信息一样
libprotobufd.lib(tokenizer.obj) : warning LNK4099: 未找到 PDB“libprotobuf.pdb”(使用“libprotobufd.lib(tokenizer.obj)”或在“C:\Users\Jiayue Wu\Dropbox\University of Alberta\CMPUT 350\SC2API_Binary_vs2017\project\x64\Debug\libprotobuf.pdb”中寻找)；正在链接对象，如同没有调试信息一样
libprotobufd.lib(zero_copy_stream_impl.obj) : warning LNK4099: 未找到 PDB“libprotobuf.pdb”(使用“libprotobufd.lib(zero_copy_stream_impl.obj)”或在“C:\Users\Jiayue Wu\Dropbox\University of Alberta\CMPUT 350\SC2API_Binary_vs2017\project\x64\Debug\libprotobuf.pdb”中寻找)；正在链接对象，如同没有调试信息一样
libprotobufd.lib(map_field.obj) : warning LNK4099: 未找到 PDB“libprotobuf.pdb”(使用“libprotobufd.lib(map_field.obj)”或在“C:\Users\Jiayue Wu\Dropbox\University of Alberta\CMPUT 350\SC2API_Binary_vs2017\project\x64\Debug\libprotobuf.pdb”中寻找)；正在链接对象，如同没有调试信息一样
libprotobufd.lib(message.obj) : warning LNK4099: 未找到 PDB“libprotobuf.pdb”(使用“libprotobufd.lib(message.obj)”或在“C:\Users\Jiayue Wu\Dropbox\University of Alberta\CMPUT 350\SC2API_Binary_vs2017\project\x64\Debug\libprotobuf.pdb”中寻找)；正在链接对象，如同没有调试信息一样
libprotobufd.lib(reflection_ops.obj) : warning LNK4099: 未找到 PDB“libprotobuf.pdb”(使用“libprotobufd.lib(reflection_ops.obj)”或在“C:\Users\Jiayue Wu\Dropbox\University of Alberta\CMPUT 350\SC2API_Binary_vs2017\project\x64\Debug\libprotobuf.pdb”中寻找)；正在链接对象，如同没有调试信息一样
libprotobufd.lib(substitute.obj) : warning LNK4099: 未找到 PDB“libprotobuf.pdb”(使用“libprotobufd.lib(substitute.obj)”或在“C:\Users\Jiayue Wu\Dropbox\University of Alberta\CMPUT 350\SC2API_Binary_vs2017\project\x64\Debug\libprotobuf.pdb”中寻找)；正在链接对象，如同没有调试信息一样
libprotobufd.lib(text_format.obj) : warning LNK4099: 未找到 PDB“libprotobuf.pdb”(使用“libprotobufd.lib(text_format.obj)”或在“C:\Users\Jiayue Wu\Dropbox\University of Alberta\CMPUT 350\SC2API_Binary_vs2017\project\x64\Debug\libprotobuf.pdb”中寻找)；正在链接对象，如同没有调试信息一样
libprotobufd.lib(unknown_field_set.obj) : warning LNK4099: 未找到 PDB“libprotobuf.pdb”(使用“libprotobufd.lib(unknown_field_set.obj)”或在“C:\Users\Jiayue Wu\Dropbox\University of Alberta\CMPUT 350\SC2API_Binary_vs2017\project\x64\Debug\libprotobuf.pdb”中寻找)；正在链接对象，如同没有调试信息一样
libprotobufd.lib(wire_format.obj) : warning LNK4099: 未找到 PDB“libprotobuf.pdb”(使用“libprotobufd.lib(wire_format.obj)”或在“C:\Users\Jiayue Wu\Dropbox\University of Alberta\CMPUT 350\SC2API_Binary_vs2017\project\x64\Debug\libprotobuf.pdb”中寻找)；正在链接对象，如同没有调试信息一样
sc2apid.lib(sc2_map_info.obj) : warning LNK4099: 未找到 PDB“sc2api.pdb”(使用“sc2apid.lib(sc2_map_info.obj)”或在“C:\Users\Jiayue Wu\Dropbox\University of Alberta\CMPUT 350\SC2API_Binary_vs2017\project\x64\Debug\sc2api.pdb”中寻找)；正在链接对象，如同没有调试信息一样
sc2apid.lib(sc2_action.obj) : warning LNK4099: 未找到 PDB“sc2api.pdb”(使用“sc2apid.lib(sc2_action.obj)”或在“C:\Users\Jiayue Wu\Dropbox\University of Alberta\CMPUT 350\SC2API_Binary_vs2017\project\x64\Debug\sc2api.pdb”中寻找)；正在链接对象，如同没有调试信息一样
sc2apid.lib(sc2_agent.obj) : warning LNK4099: 未找到 PDB“sc2api.pdb”(使用“sc2apid.lib(sc2_agent.obj)”或在“C:\Users\Jiayue Wu\Dropbox\University of Alberta\CMPUT 350\SC2API_Binary_vs2017\project\x64\Debug\sc2api.pdb”中寻找)；正在链接对象，如同没有调试信息一样
sc2apid.lib(sc2_args.obj) : warning LNK4099: 未找到 PDB“sc2api.pdb”(使用“sc2apid.lib(sc2_args.obj)”或在“C:\Users\Jiayue Wu\Dropbox\University of Alberta\CMPUT 350\SC2API_Binary_vs2017\project\x64\Debug\sc2api.pdb”中寻找)；正在链接对象，如同没有调试信息一样
sc2apid.lib(sc2_client.obj) : warning LNK4099: 未找到 PDB“sc2api.pdb”(使用“sc2apid.lib(sc2_client.obj)”或在“C:\Users\Jiayue Wu\Dropbox\University of Alberta\CMPUT 350\SC2API_Binary_vs2017\project\x64\Debug\sc2api.pdb”中寻找)；正在链接对象，如同没有调试信息一样
sc2apid.lib(sc2_connection.obj) : warning LNK4099: 未找到 PDB“sc2api.pdb”(使用“sc2apid.lib(sc2_connection.obj)”或在“C:\Users\Jiayue Wu\Dropbox\University of Alberta\CMPUT 350\SC2API_Binary_vs2017\project\x64\Debug\sc2api.pdb”中寻找)；正在链接对象，如同没有调试信息一样
sc2apid.lib(sc2_coordinator.obj) : warning LNK4099: 未找到 PDB“sc2api.pdb”(使用“sc2apid.lib(sc2_coordinator.obj)”或在“C:\Users\Jiayue Wu\Dropbox\University of Alberta\CMPUT 350\SC2API_Binary_vs2017\project\x64\Debug\sc2api.pdb”中寻找)；正在链接对象，如同没有调试信息一样
sc2apid.lib(sc2_data.obj) : warning LNK4099: 未找到 PDB“sc2api.pdb”(使用“sc2apid.lib(sc2_data.obj)”或在“C:\Users\Jiayue Wu\Dropbox\University of Alberta\CMPUT 350\SC2API_Binary_vs2017\project\x64\Debug\sc2api.pdb”中寻找)；正在链接对象，如同没有调试信息一样
sc2apid.lib(sc2_game_settings.obj) : warning LNK4099: 未找到 PDB“sc2api.pdb”(使用“sc2apid.lib(sc2_game_settings.obj)”或在“C:\Users\Jiayue Wu\Dropbox\University of Alberta\CMPUT 350\SC2API_Binary_vs2017\project\x64\Debug\sc2api.pdb”中寻找)；正在链接对象，如同没有调试信息一样
sc2apid.lib(sc2_proto_interface.obj) : warning LNK4099: 未找到 PDB“sc2api.pdb”(使用“sc2apid.lib(sc2_proto_interface.obj)”或在“C:\Users\Jiayue Wu\Dropbox\University of Alberta\CMPUT 350\SC2API_Binary_vs2017\project\x64\Debug\sc2api.pdb”中寻找)；正在链接对象，如同没有调试信息一样
sc2apid.lib(sc2_proto_to_pods.obj) : warning LNK4099: 未找到 PDB“sc2api.pdb”(使用“sc2apid.lib(sc2_proto_to_pods.obj)”或在“C:\Users\Jiayue Wu\Dropbox\University of Alberta\CMPUT 350\SC2API_Binary_vs2017\project\x64\Debug\sc2api.pdb”中寻找)；正在链接对象，如同没有调试信息一样
sc2apid.lib(sc2_replay_observer.obj) : warning LNK4099: 未找到 PDB“sc2api.pdb”(使用“sc2apid.lib(sc2_replay_observer.obj)”或在“C:\Users\Jiayue Wu\Dropbox\University of Alberta\CMPUT 350\SC2API_Binary_vs2017\project\x64\Debug\sc2api.pdb”中寻找)；正在链接对象，如同没有调试信息一样
sc2apid.lib(sc2_score.obj) : warning LNK4099: 未找到 PDB“sc2api.pdb”(使用“sc2apid.lib(sc2_score.obj)”或在“C:\Users\Jiayue Wu\Dropbox\University of Alberta\CMPUT 350\SC2API_Binary_vs2017\project\x64\Debug\sc2api.pdb”中寻找)；正在链接对象，如同没有调试信息一样
sc2apid.lib(sc2_unit.obj) : warning LNK4099: 未找到 PDB“sc2api.pdb”(使用“sc2apid.lib(sc2_unit.obj)”或在“C:\Users\Jiayue Wu\Dropbox\University of Alberta\CMPUT 350\SC2API_Binary_vs2017\project\x64\Debug\sc2api.pdb”中寻找)；正在链接对象，如同没有调试信息一样
sc2protocold.lib(common.pb.obj) : warning LNK4099: 未找到 PDB“sc2protocol.pdb”(使用“sc2protocold.lib(common.pb.obj)”或在“C:\Users\Jiayue Wu\Dropbox\University of Alberta\CMPUT 350\SC2API_Binary_vs2017\project\x64\Debug\sc2protocol.pdb”中寻找)；正在链接对象，如同没有调试信息一样
sc2protocold.lib(data.pb.obj) : warning LNK4099: 未找到 PDB“sc2protocol.pdb”(使用“sc2protocold.lib(data.pb.obj)”或在“C:\Users\Jiayue Wu\Dropbox\University of Alberta\CMPUT 350\SC2API_Binary_vs2017\project\x64\Debug\sc2protocol.pdb”中寻找)；正在链接对象，如同没有调试信息一样
sc2protocold.lib(debug.pb.obj) : warning LNK4099: 未找到 PDB“sc2protocol.pdb”(使用“sc2protocold.lib(debug.pb.obj)”或在“C:\Users\Jiayue Wu\Dropbox\University of Alberta\CMPUT 350\SC2API_Binary_vs2017\project\x64\Debug\sc2protocol.pdb”中寻找)；正在链接对象，如同没有调试信息一样
sc2protocold.lib(error.pb.obj) : warning LNK4099: 未找到 PDB“sc2protocol.pdb”(使用“sc2protocold.lib(error.pb.obj)”或在“C:\Users\Jiayue Wu\Dropbox\University of Alberta\CMPUT 350\SC2API_Binary_vs2017\project\x64\Debug\sc2protocol.pdb”中寻找)；正在链接对象，如同没有调试信息一样
sc2protocold.lib(query.pb.obj) : warning LNK4099: 未找到 PDB“sc2protocol.pdb”(使用“sc2protocold.lib(query.pb.obj)”或在“C:\Users\Jiayue Wu\Dropbox\University of Alberta\CMPUT 350\SC2API_Binary_vs2017\project\x64\Debug\sc2protocol.pdb”中寻找)；正在链接对象，如同没有调试信息一样
sc2protocold.lib(raw.pb.obj) : warning LNK4099: 未找到 PDB“sc2protocol.pdb”(使用“sc2protocold.lib(raw.pb.obj)”或在“C:\Users\Jiayue Wu\Dropbox\University of Alberta\CMPUT 350\SC2API_Binary_vs2017\project\x64\Debug\sc2protocol.pdb”中寻找)；正在链接对象，如同没有调试信息一样
sc2protocold.lib(sc2api.pb.obj) : warning LNK4099: 未找到 PDB“sc2protocol.pdb”(使用“sc2protocold.lib(sc2api.pb.obj)”或在“C:\Users\Jiayue Wu\Dropbox\University of Alberta\CMPUT 350\SC2API_Binary_vs2017\project\x64\Debug\sc2protocol.pdb”中寻找)；正在链接对象，如同没有调试信息一样
sc2protocold.lib(score.pb.obj) : warning LNK4099: 未找到 PDB“sc2protocol.pdb”(使用“sc2protocold.lib(score.pb.obj)”或在“C:\Users\Jiayue Wu\Dropbox\University of Alberta\CMPUT 350\SC2API_Binary_vs2017\project\x64\Debug\sc2protocol.pdb”中寻找)；正在链接对象，如同没有调试信息一样
sc2protocold.lib(spatial.pb.obj) : warning LNK4099: 未找到 PDB“sc2protocol.pdb”(使用“sc2protocold.lib(spatial.pb.obj)”或在“C:\Users\Jiayue Wu\Dropbox\University of Alberta\CMPUT 350\SC2API_Binary_vs2017\project\x64\Debug\sc2protocol.pdb”中寻找)；正在链接对象，如同没有调试信息一样
sc2protocold.lib(ui.pb.obj) : warning LNK4099: 未找到 PDB“sc2protocol.pdb”(使用“sc2protocold.lib(ui.pb.obj)”或在“C:\Users\Jiayue Wu\Dropbox\University of Alberta\CMPUT 350\SC2API_Binary_vs2017\project\x64\Debug\sc2protocol.pdb”中寻找)；正在链接对象，如同没有调试信息一样
sc2utilsd.lib(sc2_arg_parser.obj) : warning LNK4099: 未找到 PDB“sc2utils.pdb”(使用“sc2utilsd.lib(sc2_arg_parser.obj)”或在“C:\Users\Jiayue Wu\Dropbox\University of Alberta\CMPUT 350\SC2API_Binary_vs2017\project\x64\Debug\sc2utils.pdb”中寻找)；正在链接对象，如同没有调试信息一样
sc2utilsd.lib(sc2_manage_process.obj) : warning LNK4099: 未找到 PDB“sc2utils.pdb”(使用“sc2utilsd.lib(sc2_manage_process.obj)”或在“C:\Users\Jiayue Wu\Dropbox\University of Alberta\CMPUT 350\SC2API_Binary_vs2017\project\x64\Debug\sc2utils.pdb”中寻找)；正在链接对象，如同没有调试信息一样
sc2utilsd.lib(sc2_property_reader.obj) : warning LNK4099: 未找到 PDB“sc2utils.pdb”(使用“sc2utilsd.lib(sc2_property_reader.obj)”或在“C:\Users\Jiayue Wu\Dropbox\University of Alberta\CMPUT 350\SC2API_Binary_vs2017\project\x64\Debug\sc2utils.pdb”中寻找)；正在链接对象，如同没有调试信息一样
sc2utilsd.lib(sc2_scan_directory.obj) : warning LNK4099: 未找到 PDB“sc2utils.pdb”(使用“sc2utilsd.lib(sc2_scan_directory.obj)”或在“C:\Users\Jiayue Wu\Dropbox\University of Alberta\CMPUT 350\SC2API_Binary_vs2017\project\x64\Debug\sc2utils.pdb”中寻找)；正在链接对象，如同没有调试信息一样
  bot.vcxproj -> C:\Users\Jiayue Wu\Dropbox\University of Alberta\CMPUT 350\SC2API_Binary_vs2017\project\x64\Debug\bot.exe
